<?xml version="1.0" encoding="UTF-8"?>
<!-- Generated by org.testng.reporters.JUnitXMLReporter -->
<testsuite ignored="0" hostname="Kritikas-MacBook-Air.local" failures="2" tests="3" name="Default test" time="24.424" errors="0" timestamp="2024-02-18T13:30:10 GMT">
  <testcase classname="io.cucumber.testng.AbstractTestNGCucumberTests" name="runScenario" time="20.567">
    <failure type="java.lang.AssertionError" message="expected [] but found [Epic sadface: Username and password do not match any user in this service]">
      <![CDATA[java.lang.AssertionError: expected [] but found [Epic sadface: Username and password do not match any user in this service]
at org.testng.Assert.fail(Assert.java:111)
at org.testng.Assert.failNotEquals(Assert.java:1578)
at org.testng.Assert.assertEqualsImpl(Assert.java:150)
at org.testng.Assert.assertEquals(Assert.java:132)
at org.testng.Assert.assertEquals(Assert.java:656)
at org.testng.Assert.assertEquals(Assert.java:666)
at StepDefinition.LoginPageSteps.i_should_see_an_error_message_indicating(LoginPageSteps.java:82)
at ✽.I should see an error message indicating "Epic sadface: Username and password do not match any user in this service"(file:///Users/kritikatanwar/Documents/Eclipse_workspace/CucumberMiniProject/src/test/resources/features/loginpage.feature:19)
]]>
    </failure>
  </testcase> <!-- runScenario -->
  <testcase classname="io.cucumber.testng.AbstractTestNGCucumberTests" name="runScenario" time="21.188"/>
  <testcase classname="io.cucumber.testng.AbstractTestNGCucumberTests" name="runScenario" time="23.384">
    <failure type="java.lang.AssertionError" message="expected [] but found [Epic sadface: Username and password do not match any user in this service]">
      <![CDATA[java.lang.AssertionError: expected [] but found [Epic sadface: Username and password do not match any user in this service]
at org.testng.Assert.fail(Assert.java:111)
at org.testng.Assert.failNotEquals(Assert.java:1578)
at org.testng.Assert.assertEqualsImpl(Assert.java:150)
at org.testng.Assert.assertEquals(Assert.java:132)
at org.testng.Assert.assertEquals(Assert.java:656)
at org.testng.Assert.assertEquals(Assert.java:666)
at StepDefinition.LoginPageSteps.i_should_see_an_error_message_indicating(LoginPageSteps.java:82)
at ✽.I should see an error message indicating "Epic sadface: Username and password do not match any user in this service"(file:///Users/kritikatanwar/Documents/Eclipse_workspace/CucumberMiniProject/src/test/resources/features/loginpage.feature:19)
]]>
    </failure>
  </testcase> <!-- runScenario -->
</testsuite> <!-- Default test -->
